#-----------------------------------------------------------
# Vivado v2022.1 (64-bit)
# SW Build 3526262 on Mon Apr 18 15:47:01 MDT 2022
# IP Build 3524634 on Mon Apr 18 20:55:01 MDT 2022
# Start of session at: Sat Sep 20 17:31:52 2025
# Process ID: 2073332
# Current directory: /tools/C/research/pcie/copy-pcie/tb/vivado_sim/pcie_7x_0_ex
# Command line: vivado pcie_7x_0_ex.xpr
# Log file: /tools/C/research/pcie/copy-pcie/tb/vivado_sim/pcie_7x_0_ex/vivado.log
# Journal file: /tools/C/research/pcie/copy-pcie/tb/vivado_sim/pcie_7x_0_ex/vivado.jou
# Running On: capc-ub22-is, OS: Linux, CPU Frequency: 2793.437 MHz, CPU Physical cores: 16, Host memory: 33607 MB
#-----------------------------------------------------------
start_gui
open_project pcie_7x_0_ex.xpr
WARNING: [Board 49-26] cannot add Board Part xilinx.com:vek280_es:part0:1.0 available at /tools/C/research/tools/Xilinx/Vivado/2022.1/data/boards/board_files/vek280/es/rev_a/1.0/board.xml as part xcve2802-vsvh1760-2lp-e-s-es1 specified in board_part file is either invalid or not available
WARNING: [Board 49-26] cannot add Board Part xilinx.com:vek280_es_revb:part0:1.0 available at /tools/C/research/tools/Xilinx/Vivado/2022.1/data/boards/board_files/vek280/es/rev_b/1.0/board.xml as part xcve2802-vsvh1760-2mp-e-s-es1 specified in board_part file is either invalid or not available
WARNING: [Board 49-26] cannot add Board Part xilinx.com:vhk158_es:part0:1.0 available at /tools/C/research/tools/Xilinx/Vivado/2022.1/data/boards/board_files/vhk158/es/1.0/board.xml as part xcvh1582-vsva3697-2mp-e-s-es1 specified in board_part file is either invalid or not available
WARNING: [Board 49-26] cannot add Board Part xilinx.com:vpk120_es:part0:1.2 available at /tools/C/research/tools/Xilinx/Vivado/2022.1/data/boards/board_files/vpk120/es/1.2/board.xml as part xcvp1202-vsva2785-2mp-e-s-es1 specified in board_part file is either invalid or not available
WARNING: [Board 49-26] cannot add Board Part xilinx.com:vpk120_es_revb:part0:1.0 available at /tools/C/research/tools/Xilinx/Vivado/2022.1/data/boards/board_files/vpk120_revb/es/1.0/board.xml as part xcvp1202-vsva2785-2mp-e-s-es1 specified in board_part file is either invalid or not available
WARNING: [Board 49-26] cannot add Board Part xilinx.com:vpk180:part0:1.0 available at /tools/C/research/tools/Xilinx/Vivado/2022.1/data/boards/board_files/vpk180/production/1.0/board.xml as part xcvp1802-lsvc4072-2mp-e-s specified in board_part file is either invalid or not available
WARNING: [Board 49-26] cannot add Board Part xilinx.com:vpk180_es:part0:1.0 available at /tools/C/research/tools/Xilinx/Vivado/2022.1/data/boards/board_files/vpk180/es/1.0/board.xml as part xcvp1802-lsvc4072-2mp-e-s-es1 specified in board_part file is either invalid or not available
WARNING: [Board 49-26] cannot add Board Part xilinx.com:zcu208ld:part0:2.0 available at /tools/C/research/tools/Xilinx/Vivado/2022.1/data/boards/board_files/zcu208ld/production/2.0/board.xml as part xczu58dr-fsvg1517-2-i specified in board_part file is either invalid or not available
WARNING: [Board 49-26] cannot add Board Part xilinx.com:zcu216ld:part0:2.0 available at /tools/C/research/tools/Xilinx/Vivado/2022.1/data/boards/board_files/zcu216ld/production/2.0/board.xml as part xczu59dr-ffvf1760-2-i specified in board_part file is either invalid or not available
WARNING: [Board 49-26] cannot add Board Part xilinx.com:zcu670:part0:2.0 available at /tools/C/research/tools/Xilinx/Vivado/2022.1/data/boards/board_files/zcu670/2.0/board.xml as part xczu67dr-fsve1156-2-i specified in board_part file is either invalid or not available
WARNING: [Board 49-26] cannot add Board Part xilinx.com:zcu670ld:part0:1.0 available at /tools/C/research/tools/Xilinx/Vivado/2022.1/data/boards/board_files/zcu670ld/1.0/board.xml as part xczu57dr-fsve1156-2-i specified in board_part file is either invalid or not available
INFO: [Project 1-313] Project file moved from '/tools/C/research/pcie/pcie_datalink_layer/tb/vivado_sim/pcie_7x_0_ex' since last save.
WARNING: [Project 1-312] File not found as '/tools/C/research/pcie/copy-pcie/build/fusesoc_pcie_pcie_kc705_1.0.0/xsim_v-xsim/src/fusesoc_pcie_axis_1.0.0/rtl/arbiter.v'; using path '/tools/C/research/pcie/pcie_datalink_layer/build/fusesoc_pcie_pcie_kc705_1.0.0/xsim_v-xsim/src/fusesoc_pcie_axis_1.0.0/rtl/arbiter.v' instead.
WARNING: [Project 1-312] File not found as '/tools/C/research/pcie/copy-pcie/build/fusesoc_pcie_pcie_kc705_1.0.0/xsim_v-xsim/src/fusesoc_pcie_axis_1.0.0/rtl/axis_adapter.v'; using path '/tools/C/research/pcie/pcie_datalink_layer/build/fusesoc_pcie_pcie_kc705_1.0.0/xsim_v-xsim/src/fusesoc_pcie_axis_1.0.0/rtl/axis_adapter.v' instead.
WARNING: [Project 1-312] File not found as '/tools/C/research/pcie/copy-pcie/build/fusesoc_pcie_pcie_kc705_1.0.0/xsim_v-xsim/src/fusesoc_pcie_axis_1.0.0/rtl/axis_arb_mux.v'; using path '/tools/C/research/pcie/pcie_datalink_layer/build/fusesoc_pcie_pcie_kc705_1.0.0/xsim_v-xsim/src/fusesoc_pcie_axis_1.0.0/rtl/axis_arb_mux.v' instead.
WARNING: [Project 1-312] File not found as '/tools/C/research/pcie/copy-pcie/build/fusesoc_pcie_pcie_kc705_1.0.0/xsim_v-xsim/src/fusesoc_pcie_axis_1.0.0/rtl/axis_async_fifo.v'; using path '/tools/C/research/pcie/pcie_datalink_layer/build/fusesoc_pcie_pcie_kc705_1.0.0/xsim_v-xsim/src/fusesoc_pcie_axis_1.0.0/rtl/axis_async_fifo.v' instead.
WARNING: [Project 1-312] File not found as '/tools/C/research/pcie/copy-pcie/build/fusesoc_pcie_pcie_kc705_1.0.0/xsim_v-xsim/src/fusesoc_pcie_axis_1.0.0/rtl/axis_fifo.v'; using path '/tools/C/research/pcie/pcie_datalink_layer/build/fusesoc_pcie_pcie_kc705_1.0.0/xsim_v-xsim/src/fusesoc_pcie_axis_1.0.0/rtl/axis_fifo.v' instead.
WARNING: [Project 1-312] File not found as '/tools/C/research/pcie/copy-pcie/build/fusesoc_pcie_pcie_kc705_1.0.0/xsim_v-xsim/src/fusesoc_pcie_axis_1.0.0/rtl/axis_register.v'; using path '/tools/C/research/pcie/pcie_datalink_layer/build/fusesoc_pcie_pcie_kc705_1.0.0/xsim_v-xsim/src/fusesoc_pcie_axis_1.0.0/rtl/axis_register.v' instead.
WARNING: [Project 1-312] File not found as '/tools/C/research/pcie/copy-pcie/build/fusesoc_pcie_pcie_kc705_1.0.0/xsim_v-xsim/src/fusesoc_pcie_crc_1.0.0/pcie_crc8.v'; using path '/tools/C/research/pcie/pcie_datalink_layer/build/fusesoc_pcie_pcie_kc705_1.0.0/xsim_v-xsim/src/fusesoc_pcie_crc_1.0.0/pcie_crc8.v' instead.
WARNING: [Project 1-312] File not found as '/tools/C/research/pcie/copy-pcie/build/fusesoc_pcie_pcie_kc705_1.0.0/xsim_v-xsim/src/fusesoc_pcie_crc_1.0.0/pcie_dllp_crc8.v'; using path '/tools/C/research/pcie/pcie_datalink_layer/build/fusesoc_pcie_pcie_kc705_1.0.0/xsim_v-xsim/src/fusesoc_pcie_crc_1.0.0/pcie_dllp_crc8.v' instead.
WARNING: [Project 1-312] File not found as '/tools/C/research/pcie/copy-pcie/build/fusesoc_pcie_pcie_kc705_1.0.0/xsim_v-xsim/src/fusesoc_pcie_pipe_wrapper_1.0.0/pipe_wrapper.v'; using path '/tools/C/research/pcie/pcie_datalink_layer/build/fusesoc_pcie_pcie_kc705_1.0.0/xsim_v-xsim/src/fusesoc_pcie_pipe_wrapper_1.0.0/pipe_wrapper.v' instead.
WARNING: [Project 1-312] File not found as '/tools/C/research/pcie/copy-pcie/build/fusesoc_pcie_pcie_kc705_1.0.0/xsim_v-xsim/src/fusesoc_pcie_axis_1.0.0/rtl/priority_encoder.v'; using path '/tools/C/research/pcie/pcie_datalink_layer/build/fusesoc_pcie_pcie_kc705_1.0.0/xsim_v-xsim/src/fusesoc_pcie_axis_1.0.0/rtl/priority_encoder.v' instead.
WARNING: [Project 1-312] File not found as '/tools/C/research/pcie/copy-pcie/build/fusesoc_pcie_pcie_kc705_1.0.0/xsim_v-xsim/src/fusesoc_pcie_pipe_wrapper_1.0.0/xilinx_pcie_mmcm.v'; using path '/tools/C/research/pcie/pcie_datalink_layer/build/fusesoc_pcie_pcie_kc705_1.0.0/xsim_v-xsim/src/fusesoc_pcie_pipe_wrapper_1.0.0/xilinx_pcie_mmcm.v' instead.
WARNING: [Project 1-312] File not found as '/tools/C/research/pcie/copy-pcie/build/fusesoc_pcie_pcie_kc705_1.0.0/xsim_v-xsim/src/fusesoc_pcie_packages_1.0.0/pcie_datalink_pkg.sv'; using path '/tools/C/research/pcie/pcie_datalink_layer/build/fusesoc_pcie_pcie_kc705_1.0.0/xsim_v-xsim/src/fusesoc_pcie_packages_1.0.0/pcie_datalink_pkg.sv' instead.
WARNING: [Project 1-312] File not found as '/tools/C/research/pcie/copy-pcie/build/fusesoc_pcie_pcie_kc705_1.0.0/xsim_v-xsim/src/fusesoc_pcie_dllp_transmit_1.0.0/axis_retry_fifo.sv'; using path '/tools/C/research/pcie/pcie_datalink_layer/build/fusesoc_pcie_pcie_kc705_1.0.0/xsim_v-xsim/src/fusesoc_pcie_dllp_transmit_1.0.0/axis_retry_fifo.sv' instead.
WARNING: [Project 1-312] File not found as '/tools/C/research/pcie/copy-pcie/build/fusesoc_pcie_pcie_kc705_1.0.0/xsim_v-xsim/src/fusesoc_pcie_packages_1.0.0/pcie_tlp_pkg.sv'; using path '/tools/C/research/pcie/pcie_datalink_layer/build/fusesoc_pcie_pcie_kc705_1.0.0/xsim_v-xsim/src/fusesoc_pcie_packages_1.0.0/pcie_tlp_pkg.sv' instead.
WARNING: [Project 1-312] File not found as '/tools/C/research/pcie/copy-pcie/build/fusesoc_pcie_pcie_kc705_1.0.0/xsim_v-xsim/src/fusesoc_pcie_dllp_receive_1.0.0/axis_user_demux.sv'; using path '/tools/C/research/pcie/pcie_datalink_layer/build/fusesoc_pcie_pcie_kc705_1.0.0/xsim_v-xsim/src/fusesoc_pcie_dllp_receive_1.0.0/axis_user_demux.sv' instead.
WARNING: [Project 1-312] File not found as '/tools/C/research/pcie/copy-pcie/build/fusesoc_pcie_pcie_kc705_1.0.0/xsim_v-xsim/src/fusesoc_pcie_packages_1.0.0/pcie_phy_pkg.sv'; using path '/tools/C/research/pcie/pcie_datalink_layer/build/fusesoc_pcie_pcie_kc705_1.0.0/xsim_v-xsim/src/fusesoc_pcie_packages_1.0.0/pcie_phy_pkg.sv' instead.
WARNING: [Project 1-312] File not found as '/tools/C/research/pcie/copy-pcie/build/fusesoc_pcie_pcie_kc705_1.0.0/xsim_v-xsim/src/fusesoc_pcie_phy_receive_1.0.0/block_alignment.sv'; using path '/tools/C/research/pcie/pcie_datalink_layer/build/fusesoc_pcie_pcie_kc705_1.0.0/xsim_v-xsim/src/fusesoc_pcie_phy_receive_1.0.0/block_alignment.sv' instead.
WARNING: [Project 1-312] File not found as '/tools/C/research/pcie/copy-pcie/build/fusesoc_pcie_pcie_kc705_1.0.0/xsim_v-xsim/src/fusesoc_pcie_phy_scrambler_1.0.0/byte_scramble.sv'; using path '/tools/C/research/pcie/pcie_datalink_layer/build/fusesoc_pcie_pcie_kc705_1.0.0/xsim_v-xsim/src/fusesoc_pcie_phy_scrambler_1.0.0/byte_scramble.sv' instead.
WARNING: [Project 1-312] File not found as '/tools/C/research/pcie/copy-pcie/build/fusesoc_pcie_pcie_kc705_1.0.0/xsim_v-xsim/src/fusesoc_pcie_phy_receive_1.0.0/data_handler.sv'; using path '/tools/C/research/pcie/pcie_datalink_layer/build/fusesoc_pcie_pcie_kc705_1.0.0/xsim_v-xsim/src/fusesoc_pcie_phy_receive_1.0.0/data_handler.sv' instead.
WARNING: [Project 1-312] File not found as '/tools/C/research/pcie/copy-pcie/build/fusesoc_pcie_pcie_kc705_1.0.0/xsim_v-xsim/src/fusesoc_pcie_dllp_receive_1.0.0/dllp2tlp.sv'; using path '/tools/C/research/pcie/pcie_datalink_layer/build/fusesoc_pcie_pcie_kc705_1.0.0/xsim_v-xsim/src/fusesoc_pcie_dllp_receive_1.0.0/dllp2tlp.sv' instead.
WARNING: [Project 1-312] File not found as '/tools/C/research/pcie/copy-pcie/build/fusesoc_pcie_pcie_kc705_1.0.0/xsim_v-xsim/src/fusesoc_pcie_dllp_receive_1.0.0/dllp_fc_update.sv'; using path '/tools/C/research/pcie/pcie_datalink_layer/build/fusesoc_pcie_pcie_kc705_1.0.0/xsim_v-xsim/src/fusesoc_pcie_dllp_receive_1.0.0/dllp_fc_update.sv' instead.
WARNING: [Project 1-312] File not found as '/tools/C/research/pcie/copy-pcie/build/fusesoc_pcie_pcie_kc705_1.0.0/xsim_v-xsim/src/fusesoc_pcie_dllp_receive_1.0.0/dllp_handler.sv'; using path '/tools/C/research/pcie/pcie_datalink_layer/build/fusesoc_pcie_pcie_kc705_1.0.0/xsim_v-xsim/src/fusesoc_pcie_dllp_receive_1.0.0/dllp_handler.sv' instead.
WARNING: [Project 1-312] File not found as '/tools/C/research/pcie/copy-pcie/build/fusesoc_pcie_pcie_kc705_1.0.0/xsim_v-xsim/src/fusesoc_pcie_pcie_config_1.0.0/pcie_config_reg_pkg.sv'; using path '/tools/C/research/pcie/pcie_datalink_layer/build/fusesoc_pcie_pcie_kc705_1.0.0/xsim_v-xsim/src/fusesoc_pcie_pcie_config_1.0.0/pcie_config_reg_pkg.sv' instead.
WARNING: [Project 1-312] File not found as '/tools/C/research/pcie/copy-pcie/build/fusesoc_pcie_pcie_kc705_1.0.0/xsim_v-xsim/src/fusesoc_pcie_dllp_receive_1.0.0/dllp_receive.sv'; using path '/tools/C/research/pcie/pcie_datalink_layer/build/fusesoc_pcie_pcie_kc705_1.0.0/xsim_v-xsim/src/fusesoc_pcie_dllp_receive_1.0.0/dllp_receive.sv' instead.
WARNING: [Project 1-312] File not found as '/tools/C/research/pcie/copy-pcie/build/fusesoc_pcie_pcie_kc705_1.0.0/xsim_v-xsim/src/fusesoc_pcie_dllp_transmit_1.0.0/dllp_transmit.sv'; using path '/tools/C/research/pcie/pcie_datalink_layer/build/fusesoc_pcie_pcie_kc705_1.0.0/xsim_v-xsim/src/fusesoc_pcie_dllp_transmit_1.0.0/dllp_transmit.sv' instead.
WARNING: [Project 1-312] File not found as '/tools/C/research/pcie/copy-pcie/build/fusesoc_pcie_pcie_kc705_1.0.0/xsim_v-xsim/src/fusesoc_pcie_phy_transmit_1.0.0/frame_symbols.sv'; using path '/tools/C/research/pcie/pcie_datalink_layer/build/fusesoc_pcie_pcie_kc705_1.0.0/xsim_v-xsim/src/fusesoc_pcie_phy_transmit_1.0.0/frame_symbols.sv' instead.
WARNING: [Project 1-312] File not found as '/tools/C/research/pcie/copy-pcie/build/fusesoc_pcie_pcie_kc705_1.0.0/xsim_v-xsim/src/fusesoc_pcie_phy_scrambler_1.0.0/gen1_scramble.sv'; using path '/tools/C/research/pcie/pcie_datalink_layer/build/fusesoc_pcie_pcie_kc705_1.0.0/xsim_v-xsim/src/fusesoc_pcie_phy_scrambler_1.0.0/gen1_scramble.sv' instead.
WARNING: [Project 1-312] File not found as '/tools/C/research/pcie/copy-pcie/build/fusesoc_pcie_pcie_kc705_1.0.0/xsim_v-xsim/src/fusesoc_pcie_phy_scrambler_1.0.0/gen3_byte_scramble.sv'; using path '/tools/C/research/pcie/pcie_datalink_layer/build/fusesoc_pcie_pcie_kc705_1.0.0/xsim_v-xsim/src/fusesoc_pcie_phy_scrambler_1.0.0/gen3_byte_scramble.sv' instead.
WARNING: [Project 1-312] File not found as '/tools/C/research/pcie/copy-pcie/build/fusesoc_pcie_pcie_kc705_1.0.0/xsim_v-xsim/src/fusesoc_pcie_phy_scrambler_1.0.0/gen3_scramble.sv'; using path '/tools/C/research/pcie/pcie_datalink_layer/build/fusesoc_pcie_pcie_kc705_1.0.0/xsim_v-xsim/src/fusesoc_pcie_phy_scrambler_1.0.0/gen3_scramble.sv' instead.
WARNING: [Project 1-312] File not found as '/tools/C/research/pcie/copy-pcie/build/fusesoc_pcie_pcie_kc705_1.0.0/xsim_v-xsim/src/fusesoc_pcie_phy_transmit_1.0.0/lane_management.sv'; using path '/tools/C/research/pcie/pcie_datalink_layer/build/fusesoc_pcie_pcie_kc705_1.0.0/xsim_v-xsim/src/fusesoc_pcie_phy_transmit_1.0.0/lane_management.sv' instead.
WARNING: [Project 1-312] File not found as '/tools/C/research/pcie/copy-pcie/build/fusesoc_pcie_pcie_kc705_1.0.0/xsim_v-xsim/src/fusesoc_pcie_phy_receive_1.0.0/ordered_set_handler.sv'; using path '/tools/C/research/pcie/pcie_datalink_layer/build/fusesoc_pcie_pcie_kc705_1.0.0/xsim_v-xsim/src/fusesoc_pcie_phy_receive_1.0.0/ordered_set_handler.sv' instead.
WARNING: [Project 1-312] File not found as '/tools/C/research/pcie/copy-pcie/build/fusesoc_pcie_pcie_kc705_1.0.0/xsim_v-xsim/src/fusesoc_pcie_phy_transmit_1.0.0/os_generator.sv'; using path '/tools/C/research/pcie/pcie_datalink_layer/build/fusesoc_pcie_pcie_kc705_1.0.0/xsim_v-xsim/src/fusesoc_pcie_phy_transmit_1.0.0/os_generator.sv' instead.
WARNING: [Project 1-312] File not found as '/tools/C/research/pcie/copy-pcie/build/fusesoc_pcie_pcie_kc705_1.0.0/xsim_v-xsim/src/fusesoc_pcie_phy_receive_1.0.0/pack_data.sv'; using path '/tools/C/research/pcie/pcie_datalink_layer/build/fusesoc_pcie_pcie_kc705_1.0.0/xsim_v-xsim/src/fusesoc_pcie_phy_receive_1.0.0/pack_data.sv' instead.
WARNING: [Project 1-312] File not found as '/tools/C/research/pcie/copy-pcie/build/fusesoc_pcie_pcie_kc705_1.0.0/xsim_v-xsim/src/fusesoc_pcie_pcie_config_1.0.0/pcie_cfg_wrapper.sv'; using path '/tools/C/research/pcie/pcie_datalink_layer/build/fusesoc_pcie_pcie_kc705_1.0.0/xsim_v-xsim/src/fusesoc_pcie_pcie_config_1.0.0/pcie_cfg_wrapper.sv' instead.
WARNING: [Project 1-312] File not found as '/tools/C/research/pcie/copy-pcie/build/fusesoc_pcie_pcie_kc705_1.0.0/xsim_v-xsim/src/fusesoc_pcie_pcie_config_1.0.0/pcie_config_decode.sv'; using path '/tools/C/research/pcie/pcie_datalink_layer/build/fusesoc_pcie_pcie_kc705_1.0.0/xsim_v-xsim/src/fusesoc_pcie_pcie_config_1.0.0/pcie_config_decode.sv' instead.
WARNING: [Project 1-312] File not found as '/tools/C/research/pcie/copy-pcie/build/fusesoc_pcie_pcie_kc705_1.0.0/xsim_v-xsim/src/fusesoc_pcie_pcie_config_1.0.0/pcie_config_handler.sv'; using path '/tools/C/research/pcie/pcie_datalink_layer/build/fusesoc_pcie_pcie_kc705_1.0.0/xsim_v-xsim/src/fusesoc_pcie_pcie_config_1.0.0/pcie_config_handler.sv' instead.
WARNING: [Project 1-312] File not found as '/tools/C/research/pcie/copy-pcie/build/fusesoc_pcie_pcie_kc705_1.0.0/xsim_v-xsim/src/fusesoc_pcie_pcie_config_1.0.0/pcie_config_mux.sv'; using path '/tools/C/research/pcie/pcie_datalink_layer/build/fusesoc_pcie_pcie_kc705_1.0.0/xsim_v-xsim/src/fusesoc_pcie_pcie_config_1.0.0/pcie_config_mux.sv' instead.
WARNING: [Project 1-312] File not found as '/tools/C/research/pcie/copy-pcie/build/fusesoc_pcie_pcie_kc705_1.0.0/xsim_v-xsim/src/fusesoc_pcie_pcie_config_1.0.0/pcie_config_reg.sv'; using path '/tools/C/research/pcie/pcie_datalink_layer/build/fusesoc_pcie_pcie_kc705_1.0.0/xsim_v-xsim/src/fusesoc_pcie_pcie_config_1.0.0/pcie_config_reg.sv' instead.
WARNING: [Project 1-312] File not found as '/tools/C/research/pcie/copy-pcie/build/fusesoc_pcie_pcie_kc705_1.0.0/xsim_v-xsim/src/fusesoc_pcie_crc_1.0.0/pcie_datalink_crc.sv'; using path '/tools/C/research/pcie/pcie_datalink_layer/build/fusesoc_pcie_pcie_kc705_1.0.0/xsim_v-xsim/src/fusesoc_pcie_crc_1.0.0/pcie_datalink_crc.sv' instead.
WARNING: [Project 1-312] File not found as '/tools/C/research/pcie/copy-pcie/build/fusesoc_pcie_pcie_kc705_1.0.0/xsim_v-xsim/src/fusesoc_pcie_dllp_core_1.0.0/pcie_datalink_init.sv'; using path '/tools/C/research/pcie/pcie_datalink_layer/build/fusesoc_pcie_pcie_kc705_1.0.0/xsim_v-xsim/src/fusesoc_pcie_dllp_core_1.0.0/pcie_datalink_init.sv' instead.
WARNING: [Project 1-312] File not found as '/tools/C/research/pcie/copy-pcie/build/fusesoc_pcie_pcie_kc705_1.0.0/xsim_v-xsim/src/fusesoc_pcie_dllp_core_1.0.0/pcie_datalink_layer.sv'; using path '/tools/C/research/pcie/pcie_datalink_layer/build/fusesoc_pcie_pcie_kc705_1.0.0/xsim_v-xsim/src/fusesoc_pcie_dllp_core_1.0.0/pcie_datalink_layer.sv' instead.
WARNING: [Project 1-312] File not found as '/tools/C/research/pcie/copy-pcie/build/fusesoc_pcie_pcie_kc705_1.0.0/xsim_v-xsim/src/fusesoc_pcie_dllp_core_1.0.0/pcie_flow_ctrl_init.sv'; using path '/tools/C/research/pcie/pcie_datalink_layer/build/fusesoc_pcie_pcie_kc705_1.0.0/xsim_v-xsim/src/fusesoc_pcie_dllp_core_1.0.0/pcie_flow_ctrl_init.sv' instead.
WARNING: [Project 1-312] File not found as '/tools/C/research/pcie/copy-pcie/build/fusesoc_pcie_pcie_kc705_1.0.0/xsim_v-xsim/src/fusesoc_pcie_crc_1.0.0/pcie_lcrc16.sv'; using path '/tools/C/research/pcie/pcie_datalink_layer/build/fusesoc_pcie_pcie_kc705_1.0.0/xsim_v-xsim/src/fusesoc_pcie_crc_1.0.0/pcie_lcrc16.sv' instead.
WARNING: [Project 1-312] File not found as '/tools/C/research/pcie/copy-pcie/build/fusesoc_pcie_pcie_kc705_1.0.0/xsim_v-xsim/src/fusesoc_pcie_ltssm_1.0.0/pcie_ltssm_downstream.sv'; using path '/tools/C/research/pcie/pcie_datalink_layer/build/fusesoc_pcie_pcie_kc705_1.0.0/xsim_v-xsim/src/fusesoc_pcie_ltssm_1.0.0/pcie_ltssm_downstream.sv' instead.
WARNING: [Project 1-312] File not found as '/tools/C/research/pcie/copy-pcie/build/fusesoc_pcie_pcie_kc705_1.0.0/xsim_v-xsim/src/fusesoc_pcie_pcie_kc705_1.0.0/src/pcie_phy_core/pcie_phy_top.sv'; using path '/tools/C/research/pcie/pcie_datalink_layer/build/fusesoc_pcie_pcie_kc705_1.0.0/xsim_v-xsim/src/fusesoc_pcie_pcie_kc705_1.0.0/src/pcie_phy_core/pcie_phy_top.sv' instead.
WARNING: [Project 1-312] File not found as '/tools/C/research/pcie/copy-pcie/build/fusesoc_pcie_pcie_kc705_1.0.0/xsim_v-xsim/src/fusesoc_pcie_phy_receive_1.0.0/phy_receive.sv'; using path '/tools/C/research/pcie/pcie_datalink_layer/build/fusesoc_pcie_pcie_kc705_1.0.0/xsim_v-xsim/src/fusesoc_pcie_phy_receive_1.0.0/phy_receive.sv' instead.
WARNING: [Project 1-312] File not found as '/tools/C/research/pcie/copy-pcie/build/fusesoc_pcie_pcie_kc705_1.0.0/xsim_v-xsim/src/fusesoc_pcie_phy_transmit_1.0.0/phy_transmit.sv'; using path '/tools/C/research/pcie/pcie_datalink_layer/build/fusesoc_pcie_pcie_kc705_1.0.0/xsim_v-xsim/src/fusesoc_pcie_phy_transmit_1.0.0/phy_transmit.sv' instead.
WARNING: [Project 1-312] File not found as '/tools/C/research/pcie/copy-pcie/build/fusesoc_pcie_pcie_kc705_1.0.0/xsim_v-xsim/src/fusesoc_pcie_dllp_transmit_1.0.0/retry_management.sv'; using path '/tools/C/research/pcie/pcie_datalink_layer/build/fusesoc_pcie_pcie_kc705_1.0.0/xsim_v-xsim/src/fusesoc_pcie_dllp_transmit_1.0.0/retry_management.sv' instead.
WARNING: [Project 1-312] File not found as '/tools/C/research/pcie/copy-pcie/build/fusesoc_pcie_pcie_kc705_1.0.0/xsim_v-xsim/src/fusesoc_pcie_dllp_transmit_1.0.0/retry_transmit.sv'; using path '/tools/C/research/pcie/pcie_datalink_layer/build/fusesoc_pcie_pcie_kc705_1.0.0/xsim_v-xsim/src/fusesoc_pcie_dllp_transmit_1.0.0/retry_transmit.sv' instead.
WARNING: [Project 1-312] File not found as '/tools/C/research/pcie/copy-pcie/build/fusesoc_pcie_pcie_kc705_1.0.0/xsim_v-xsim/src/fusesoc_pcie_phy_scrambler_1.0.0/scrambler.sv'; using path '/tools/C/research/pcie/pcie_datalink_layer/build/fusesoc_pcie_pcie_kc705_1.0.0/xsim_v-xsim/src/fusesoc_pcie_phy_scrambler_1.0.0/scrambler.sv' instead.
WARNING: [Project 1-312] File not found as '/tools/C/research/pcie/copy-pcie/build/fusesoc_pcie_pcie_kc705_1.0.0/xsim_v-xsim/src/fusesoc_pcie_dllp_transmit_1.0.0/tlp2dllp.sv'; using path '/tools/C/research/pcie/pcie_datalink_layer/build/fusesoc_pcie_pcie_kc705_1.0.0/xsim_v-xsim/src/fusesoc_pcie_dllp_transmit_1.0.0/tlp2dllp.sv' instead.
WARNING: [Project 1-312] File not found as '/tools/C/research/pcie/copy-pcie/build/fusesoc_pcie_pcie_kc705_1.0.0/xsim_v-xsim/src/fusesoc_pcie_pcie_kc705_1.0.0/example/pcie_top_kc705.v'; using path '/tools/C/research/pcie/pcie_datalink_layer/build/fusesoc_pcie_pcie_kc705_1.0.0/xsim_v-xsim/src/fusesoc_pcie_pcie_kc705_1.0.0/example/pcie_top_kc705.v' instead.
WARNING: [Project 1-312] File not found as '/tools/C/research/pcie/copy-pcie/build/fusesoc_pcie_pcie_kc705_1.0.0/xsim_v-xsim/src/async_fifo_1.1.0-r1/rtl/async_fifo.v'; using path '/tools/C/research/pcie/pcie_datalink_layer/build/fusesoc_pcie_pcie_kc705_1.0.0/xsim_v-xsim/src/async_fifo_1.1.0-r1/rtl/async_fifo.v' instead.
WARNING: [Project 1-312] File not found as '/tools/C/research/pcie/copy-pcie/build/fusesoc_pcie_pcie_kc705_1.0.0/xsim_v-xsim/src/async_fifo_1.1.0-r1/rtl/fifomem.v'; using path '/tools/C/research/pcie/pcie_datalink_layer/build/fusesoc_pcie_pcie_kc705_1.0.0/xsim_v-xsim/src/async_fifo_1.1.0-r1/rtl/fifomem.v' instead.
WARNING: [Project 1-312] File not found as '/tools/C/research/pcie/copy-pcie/build/fusesoc_pcie_pcie_kc705_1.0.0/xsim_v-xsim/src/async_fifo_1.1.0-r1/rtl/rptr_empty.v'; using path '/tools/C/research/pcie/pcie_datalink_layer/build/fusesoc_pcie_pcie_kc705_1.0.0/xsim_v-xsim/src/async_fifo_1.1.0-r1/rtl/rptr_empty.v' instead.
WARNING: [Project 1-312] File not found as '/tools/C/research/pcie/copy-pcie/build/fusesoc_pcie_pcie_kc705_1.0.0/xsim_v-xsim/src/async_fifo_1.1.0-r1/rtl/sync_r2w.v'; using path '/tools/C/research/pcie/pcie_datalink_layer/build/fusesoc_pcie_pcie_kc705_1.0.0/xsim_v-xsim/src/async_fifo_1.1.0-r1/rtl/sync_r2w.v' instead.
WARNING: [Project 1-312] File not found as '/tools/C/research/pcie/copy-pcie/build/fusesoc_pcie_pcie_kc705_1.0.0/xsim_v-xsim/src/async_fifo_1.1.0-r1/rtl/sync_w2r.v'; using path '/tools/C/research/pcie/pcie_datalink_layer/build/fusesoc_pcie_pcie_kc705_1.0.0/xsim_v-xsim/src/async_fifo_1.1.0-r1/rtl/sync_w2r.v' instead.
WARNING: [Project 1-312] File not found as '/tools/C/research/pcie/copy-pcie/build/fusesoc_pcie_pcie_kc705_1.0.0/xsim_v-xsim/src/async_fifo_1.1.0-r1/rtl/wptr_full.v'; using path '/tools/C/research/pcie/pcie_datalink_layer/build/fusesoc_pcie_pcie_kc705_1.0.0/xsim_v-xsim/src/async_fifo_1.1.0-r1/rtl/wptr_full.v' instead.
WARNING: [Project 1-312] File not found as '/tools/C/research/pcie/copy-pcie/build/fusesoc_pcie_pcie_kc705_1.0.0/xsim_v-xsim/src/async_fifo_1.1.0-r1/rtl/async_bidir_fifo.v'; using path '/tools/C/research/pcie/pcie_datalink_layer/build/fusesoc_pcie_pcie_kc705_1.0.0/xsim_v-xsim/src/async_fifo_1.1.0-r1/rtl/async_bidir_fifo.v' instead.
WARNING: [Project 1-312] File not found as '/tools/C/research/pcie/copy-pcie/build/fusesoc_pcie_pcie_kc705_1.0.0/xsim_v-xsim/src/async_fifo_1.1.0-r1/rtl/async_bidir_ramif_fifo.v'; using path '/tools/C/research/pcie/pcie_datalink_layer/build/fusesoc_pcie_pcie_kc705_1.0.0/xsim_v-xsim/src/async_fifo_1.1.0-r1/rtl/async_bidir_ramif_fifo.v' instead.
WARNING: [Project 1-312] File not found as '/tools/C/research/pcie/copy-pcie/build/fusesoc_pcie_pcie_kc705_1.0.0/xsim_v-xsim/src/async_fifo_1.1.0-r1/rtl/fifomem_dp.v'; using path '/tools/C/research/pcie/pcie_datalink_layer/build/fusesoc_pcie_pcie_kc705_1.0.0/xsim_v-xsim/src/async_fifo_1.1.0-r1/rtl/fifomem_dp.v' instead.
WARNING: [Project 1-312] File not found as '/tools/C/research/pcie/copy-pcie/build/fusesoc_pcie_pcie_kc705_1.0.0/xsim_v-xsim/src/async_fifo_1.1.0-r1/rtl/sync_ptr.v'; using path '/tools/C/research/pcie/pcie_datalink_layer/build/fusesoc_pcie_pcie_kc705_1.0.0/xsim_v-xsim/src/async_fifo_1.1.0-r1/rtl/sync_ptr.v' instead.
WARNING: [Project 1-312] File not found as '/tools/C/research/pcie/copy-pcie/build/fusesoc_pcie_pcie_kc705_1.0.0/xsim_v-xsim/src/fusesoc_pcie_crc_1.0.0/Crc16Gen.sv'; using path '/tools/C/research/pcie/pcie_datalink_layer/build/fusesoc_pcie_pcie_kc705_1.0.0/xsim_v-xsim/src/fusesoc_pcie_crc_1.0.0/Crc16Gen.sv' instead.
WARNING: [Project 1-312] File not found as '/tools/C/research/pcie/copy-pcie/build/fusesoc_pcie_pcie_kc705_1.0.0/xsim_v-xsim/src/fusesoc_pcie_bram_1.0.0/bram_dp.sv'; using path '/tools/C/research/pcie/pcie_datalink_layer/build/fusesoc_pcie_pcie_kc705_1.0.0/xsim_v-xsim/src/fusesoc_pcie_bram_1.0.0/bram_dp.sv' instead.
WARNING: [Project 1-312] File not found as '/tools/C/research/pcie/copy-pcie/build/fusesoc_pcie_pcie_kc705_1.0.0/xsim_v-xsim/src/fusesoc_pcie_bram_1.0.0/bram_sp.sv'; using path '/tools/C/research/pcie/pcie_datalink_layer/build/fusesoc_pcie_pcie_kc705_1.0.0/xsim_v-xsim/src/fusesoc_pcie_bram_1.0.0/bram_sp.sv' instead.
WARNING: [Project 1-312] File not found as '/tools/C/research/pcie/copy-pcie/build/fusesoc_pcie_pcie_kc705_1.0.0/xsim_v-xsim/src/fusesoc_pcie_crc_1.0.0/pcie_lcrc32.sv'; using path '/tools/C/research/pcie/pcie_datalink_layer/build/fusesoc_pcie_pcie_kc705_1.0.0/xsim_v-xsim/src/fusesoc_pcie_crc_1.0.0/pcie_lcrc32.sv' instead.
WARNING: [Project 1-312] File not found as '/tools/C/research/pcie/copy-pcie/build/fusesoc_pcie_pcie_kc705_1.0.0/xsim_v-xsim/src/fusesoc_pcie_phy_receive_1.0.0/synchronous_fifo.sv'; using path '/tools/C/research/pcie/pcie_datalink_layer/build/fusesoc_pcie_pcie_kc705_1.0.0/xsim_v-xsim/src/fusesoc_pcie_phy_receive_1.0.0/synchronous_fifo.sv' instead.
CRITICAL WARNING: [Project 1-311] Could not find the file '/tools/C/research/pcie/copy-pcie/build/fusesoc_pcie_pcie_kc705_1.0.0/xsim_v-xsim/src/fusesoc_verilog-pcie_1.0.0_0/rtl/pcie_tlp_fifo_raw.v', nor could it be found using path '/tools/C/research/pcie/pcie_datalink_layer/build/fusesoc_pcie_pcie_kc705_1.0.0/xsim_v-xsim/src/fusesoc_verilog-pcie_1.0.0_0/rtl/pcie_tlp_fifo_raw.v'.
CRITICAL WARNING: [Project 1-311] Could not find the file '/tools/C/research/pcie/copy-pcie/build/fusesoc_pcie_pcie_kc705_1.0.0/xsim_v-xsim/src/fusesoc_verilog-pcie_1.0.0_0/rtl/pcie_tlp_fifo.v', nor could it be found using path '/tools/C/research/pcie/pcie_datalink_layer/build/fusesoc_pcie_pcie_kc705_1.0.0/xsim_v-xsim/src/fusesoc_verilog-pcie_1.0.0_0/rtl/pcie_tlp_fifo.v'.
CRITICAL WARNING: [Project 1-311] Could not find the file '/tools/C/research/pcie/copy-pcie/build/fusesoc_pcie_pcie_kc705_1.0.0/xsim_v-xsim/src/fusesoc_verilog-pcie_1.0.0_0/rtl/pcie_tlp_fifo_mux.v', nor could it be found using path '/tools/C/research/pcie/pcie_datalink_layer/build/fusesoc_pcie_pcie_kc705_1.0.0/xsim_v-xsim/src/fusesoc_verilog-pcie_1.0.0_0/rtl/pcie_tlp_fifo_mux.v'.
WARNING: [Project 1-312] File not found as '/tools/C/research/pcie/copy-pcie/build/fusesoc_pcie_pcie_kc705_1.0.0/xsim_v-xsim/src/fusesoc_pcie_converters_1.0.0/pcie_to_axis_converter.sv'; using path '/tools/C/research/pcie/pcie_datalink_layer/build/fusesoc_pcie_pcie_kc705_1.0.0/xsim_v-xsim/src/fusesoc_pcie_converters_1.0.0/pcie_to_axis_converter.sv' instead.
WARNING: [Project 1-312] File not found as '/tools/C/research/pcie/copy-pcie/build/fusesoc_pcie_pcie_kc705_1.0.0/xsim_v-xsim/src/fusesoc_pcie_converters_1.0.0/axis_to_pcie_converter.sv'; using path '/tools/C/research/pcie/pcie_datalink_layer/build/fusesoc_pcie_pcie_kc705_1.0.0/xsim_v-xsim/src/fusesoc_pcie_converters_1.0.0/axis_to_pcie_converter.sv' instead.
WARNING: [Project 1-312] File not found as '/tools/C/research/pcie/copy-pcie/build/fusesoc_pcie_pcie_kc705_1.0.0/xsim_v-xsim/src/fusesoc_pcie_pcie_kc705_1.0.0/example/pcie_cfg_top.sv'; using path '/tools/C/research/pcie/pcie_datalink_layer/build/fusesoc_pcie_pcie_kc705_1.0.0/xsim_v-xsim/src/fusesoc_pcie_pcie_kc705_1.0.0/example/pcie_cfg_top.sv' instead.
WARNING: [Project 1-312] File not found as '/tools/C/research/pcie/copy-pcie/build/fusesoc_pcie_pcie_kc705_1.0.0/xsim_v-xsim/src/fusesoc_pcie_phy_transmit_1.0.0/synchronous_fifo.sv'; using path '/tools/C/research/pcie/pcie_datalink_layer/build/fusesoc_pcie_pcie_kc705_1.0.0/xsim_v-xsim/src/fusesoc_pcie_phy_transmit_1.0.0/synchronous_fifo.sv' instead.
WARNING: [Project 1-312] File not found as '/tools/C/research/pcie/copy-pcie/build/fusesoc_pcie_pcie_kc705_1.0.0/xsim_v-xsim/src/fusesoc_pcie_phy_transmit_1.0.0/lfsr.v'; using path '/tools/C/research/pcie/pcie_datalink_layer/build/fusesoc_pcie_pcie_kc705_1.0.0/xsim_v-xsim/src/fusesoc_pcie_phy_transmit_1.0.0/lfsr.v' instead.
WARNING: [Project 1-312] File not found as '/tools/C/research/pcie/copy-pcie/build/fusesoc_pcie_pcie_kc705_1.0.0/xsim_v-xsim/src/fusesoc_pcie_phy_transmit_1.0.0/synchronous_lifo.sv'; using path '/tools/C/research/pcie/pcie_datalink_layer/build/fusesoc_pcie_pcie_kc705_1.0.0/xsim_v-xsim/src/fusesoc_pcie_phy_transmit_1.0.0/synchronous_lifo.sv' instead.
WARNING: [Project 1-312] File not found as '/tools/C/research/pcie/copy-pcie/build/fusesoc_pcie_pcie_kc705_1.0.0/xsim_v-xsim/src/fusesoc_pcie_pipe_wrapper_1.0.0/pipe_clock.v'; using path '/tools/C/research/pcie/pcie_datalink_layer/build/fusesoc_pcie_pcie_kc705_1.0.0/xsim_v-xsim/src/fusesoc_pcie_pipe_wrapper_1.0.0/pipe_clock.v' instead.
Scanning sources...
Finished scanning sources
INFO: [IP_Flow 19-234] Refreshing IP repositories
INFO: [IP_Flow 19-1704] No user IP repositories specified
INFO: [IP_Flow 19-2313] Loaded Vivado IP repository '/tools/C/research/tools/Xilinx/Vivado/2022.1/data/ip'.
open_project: Time (s): cpu = 00:00:28 ; elapsed = 00:00:14 . Memory (MB): peak = 7602.770 ; gain = 73.438 ; free physical = 483 ; free virtual = 19333
update_compile_order -fileset sources_1
WARNING: [Board 49-26] cannot add Board Part xilinx.com:vek280_es:part0:1.0 available at /tools/C/research/tools/Xilinx/Vivado/2022.1/data/boards/board_files/vek280/es/rev_a/1.0/board.xml as part xcve2802-vsvh1760-2lp-e-s-es1 specified in board_part file is either invalid or not available
WARNING: [Board 49-26] cannot add Board Part xilinx.com:vek280_es_revb:part0:1.0 available at /tools/C/research/tools/Xilinx/Vivado/2022.1/data/boards/board_files/vek280/es/rev_b/1.0/board.xml as part xcve2802-vsvh1760-2mp-e-s-es1 specified in board_part file is either invalid or not available
WARNING: [Board 49-26] cannot add Board Part xilinx.com:vhk158_es:part0:1.0 available at /tools/C/research/tools/Xilinx/Vivado/2022.1/data/boards/board_files/vhk158/es/1.0/board.xml as part xcvh1582-vsva3697-2mp-e-s-es1 specified in board_part file is either invalid or not available
WARNING: [Board 49-26] cannot add Board Part xilinx.com:vpk120_es:part0:1.2 available at /tools/C/research/tools/Xilinx/Vivado/2022.1/data/boards/board_files/vpk120/es/1.2/board.xml as part xcvp1202-vsva2785-2mp-e-s-es1 specified in board_part file is either invalid or not available
WARNING: [Board 49-26] cannot add Board Part xilinx.com:vpk120_es_revb:part0:1.0 available at /tools/C/research/tools/Xilinx/Vivado/2022.1/data/boards/board_files/vpk120_revb/es/1.0/board.xml as part xcvp1202-vsva2785-2mp-e-s-es1 specified in board_part file is either invalid or not available
WARNING: [Board 49-26] cannot add Board Part xilinx.com:vpk180:part0:1.0 available at /tools/C/research/tools/Xilinx/Vivado/2022.1/data/boards/board_files/vpk180/production/1.0/board.xml as part xcvp1802-lsvc4072-2mp-e-s specified in board_part file is either invalid or not available
WARNING: [Board 49-26] cannot add Board Part xilinx.com:vpk180_es:part0:1.0 available at /tools/C/research/tools/Xilinx/Vivado/2022.1/data/boards/board_files/vpk180/es/1.0/board.xml as part xcvp1802-lsvc4072-2mp-e-s-es1 specified in board_part file is either invalid or not available
WARNING: [Board 49-26] cannot add Board Part xilinx.com:zcu208ld:part0:2.0 available at /tools/C/research/tools/Xilinx/Vivado/2022.1/data/boards/board_files/zcu208ld/production/2.0/board.xml as part xczu58dr-fsvg1517-2-i specified in board_part file is either invalid or not available
WARNING: [Board 49-26] cannot add Board Part xilinx.com:zcu216ld:part0:2.0 available at /tools/C/research/tools/Xilinx/Vivado/2022.1/data/boards/board_files/zcu216ld/production/2.0/board.xml as part xczu59dr-ffvf1760-2-i specified in board_part file is either invalid or not available
WARNING: [Board 49-26] cannot add Board Part xilinx.com:zcu670:part0:2.0 available at /tools/C/research/tools/Xilinx/Vivado/2022.1/data/boards/board_files/zcu670/2.0/board.xml as part xczu67dr-fsve1156-2-i specified in board_part file is either invalid or not available
WARNING: [Board 49-26] cannot add Board Part xilinx.com:zcu670ld:part0:1.0 available at /tools/C/research/tools/Xilinx/Vivado/2022.1/data/boards/board_files/zcu670ld/1.0/board.xml as part xczu57dr-fsve1156-2-i specified in board_part file is either invalid or not available
WARNING: [Board 49-26] cannot add Board Part xilinx.com:vek280_es:part0:1.0 available at /tools/C/research/tools/Xilinx/Vivado/2022.1/data/boards/board_files/vek280/es/rev_a/1.0/board.xml as part xcve2802-vsvh1760-2lp-e-s-es1 specified in board_part file is either invalid or not available
WARNING: [Board 49-26] cannot add Board Part xilinx.com:vek280_es_revb:part0:1.0 available at /tools/C/research/tools/Xilinx/Vivado/2022.1/data/boards/board_files/vek280/es/rev_b/1.0/board.xml as part xcve2802-vsvh1760-2mp-e-s-es1 specified in board_part file is either invalid or not available
WARNING: [Board 49-26] cannot add Board Part xilinx.com:vhk158_es:part0:1.0 available at /tools/C/research/tools/Xilinx/Vivado/2022.1/data/boards/board_files/vhk158/es/1.0/board.xml as part xcvh1582-vsva3697-2mp-e-s-es1 specified in board_part file is either invalid or not available
WARNING: [Board 49-26] cannot add Board Part xilinx.com:vpk120_es:part0:1.2 available at /tools/C/research/tools/Xilinx/Vivado/2022.1/data/boards/board_files/vpk120/es/1.2/board.xml as part xcvp1202-vsva2785-2mp-e-s-es1 specified in board_part file is either invalid or not available
WARNING: [Board 49-26] cannot add Board Part xilinx.com:vpk120_es_revb:part0:1.0 available at /tools/C/research/tools/Xilinx/Vivado/2022.1/data/boards/board_files/vpk120_revb/es/1.0/board.xml as part xcvp1202-vsva2785-2mp-e-s-es1 specified in board_part file is either invalid or not available
WARNING: [Board 49-26] cannot add Board Part xilinx.com:vpk180:part0:1.0 available at /tools/C/research/tools/Xilinx/Vivado/2022.1/data/boards/board_files/vpk180/production/1.0/board.xml as part xcvp1802-lsvc4072-2mp-e-s specified in board_part file is either invalid or not available
WARNING: [Board 49-26] cannot add Board Part xilinx.com:vpk180_es:part0:1.0 available at /tools/C/research/tools/Xilinx/Vivado/2022.1/data/boards/board_files/vpk180/es/1.0/board.xml as part xcvp1802-lsvc4072-2mp-e-s-es1 specified in board_part file is either invalid or not available
WARNING: [Board 49-26] cannot add Board Part xilinx.com:zcu208ld:part0:2.0 available at /tools/C/research/tools/Xilinx/Vivado/2022.1/data/boards/board_files/zcu208ld/production/2.0/board.xml as part xczu58dr-fsvg1517-2-i specified in board_part file is either invalid or not available
WARNING: [Board 49-26] cannot add Board Part xilinx.com:zcu216ld:part0:2.0 available at /tools/C/research/tools/Xilinx/Vivado/2022.1/data/boards/board_files/zcu216ld/production/2.0/board.xml as part xczu59dr-ffvf1760-2-i specified in board_part file is either invalid or not available
WARNING: [Board 49-26] cannot add Board Part xilinx.com:zcu670:part0:2.0 available at /tools/C/research/tools/Xilinx/Vivado/2022.1/data/boards/board_files/zcu670/2.0/board.xml as part xczu67dr-fsve1156-2-i specified in board_part file is either invalid or not available
WARNING: [Board 49-26] cannot add Board Part xilinx.com:zcu670ld:part0:1.0 available at /tools/C/research/tools/Xilinx/Vivado/2022.1/data/boards/board_files/zcu670ld/1.0/board.xml as part xczu57dr-fsve1156-2-i specified in board_part file is either invalid or not available
WARNING: [Board 49-26] cannot add Board Part xilinx.com:vek280_es:part0:1.0 available at /tools/C/research/tools/Xilinx/Vivado/2022.1/data/boards/board_files/vek280/es/rev_a/1.0/board.xml as part xcve2802-vsvh1760-2lp-e-s-es1 specified in board_part file is either invalid or not available
WARNING: [Board 49-26] cannot add Board Part xilinx.com:vek280_es_revb:part0:1.0 available at /tools/C/research/tools/Xilinx/Vivado/2022.1/data/boards/board_files/vek280/es/rev_b/1.0/board.xml as part xcve2802-vsvh1760-2mp-e-s-es1 specified in board_part file is either invalid or not available
WARNING: [Board 49-26] cannot add Board Part xilinx.com:vhk158_es:part0:1.0 available at /tools/C/research/tools/Xilinx/Vivado/2022.1/data/boards/board_files/vhk158/es/1.0/board.xml as part xcvh1582-vsva3697-2mp-e-s-es1 specified in board_part file is either invalid or not available
WARNING: [Board 49-26] cannot add Board Part xilinx.com:vpk120_es:part0:1.2 available at /tools/C/research/tools/Xilinx/Vivado/2022.1/data/boards/board_files/vpk120/es/1.2/board.xml as part xcvp1202-vsva2785-2mp-e-s-es1 specified in board_part file is either invalid or not available
WARNING: [Board 49-26] cannot add Board Part xilinx.com:vpk120_es_revb:part0:1.0 available at /tools/C/research/tools/Xilinx/Vivado/2022.1/data/boards/board_files/vpk120_revb/es/1.0/board.xml as part xcvp1202-vsva2785-2mp-e-s-es1 specified in board_part file is either invalid or not available
WARNING: [Board 49-26] cannot add Board Part xilinx.com:vpk180:part0:1.0 available at /tools/C/research/tools/Xilinx/Vivado/2022.1/data/boards/board_files/vpk180/production/1.0/board.xml as part xcvp1802-lsvc4072-2mp-e-s specified in board_part file is either invalid or not available
WARNING: [Board 49-26] cannot add Board Part xilinx.com:vpk180_es:part0:1.0 available at /tools/C/research/tools/Xilinx/Vivado/2022.1/data/boards/board_files/vpk180/es/1.0/board.xml as part xcvp1802-lsvc4072-2mp-e-s-es1 specified in board_part file is either invalid or not available
WARNING: [Board 49-26] cannot add Board Part xilinx.com:zcu208ld:part0:2.0 available at /tools/C/research/tools/Xilinx/Vivado/2022.1/data/boards/board_files/zcu208ld/production/2.0/board.xml as part xczu58dr-fsvg1517-2-i specified in board_part file is either invalid or not available
WARNING: [Board 49-26] cannot add Board Part xilinx.com:zcu216ld:part0:2.0 available at /tools/C/research/tools/Xilinx/Vivado/2022.1/data/boards/board_files/zcu216ld/production/2.0/board.xml as part xczu59dr-ffvf1760-2-i specified in board_part file is either invalid or not available
WARNING: [Board 49-26] cannot add Board Part xilinx.com:zcu670:part0:2.0 available at /tools/C/research/tools/Xilinx/Vivado/2022.1/data/boards/board_files/zcu670/2.0/board.xml as part xczu67dr-fsve1156-2-i specified in board_part file is either invalid or not available
WARNING: [Board 49-26] cannot add Board Part xilinx.com:zcu670ld:part0:1.0 available at /tools/C/research/tools/Xilinx/Vivado/2022.1/data/boards/board_files/zcu670ld/1.0/board.xml as part xczu57dr-fsve1156-2-i specified in board_part file is either invalid or not available
close_project
create_project project_1 /tools/C/research/pcie/copy-pcie/tb/vivado_sim/pcie_7x_0_ex/project_1 -part xc7a200tfbg676-2
INFO: [IP_Flow 19-234] Refreshing IP repositories
INFO: [IP_Flow 19-1704] No user IP repositories specified
INFO: [IP_Flow 19-2313] Loaded Vivado IP repository '/tools/C/research/tools/Xilinx/Vivado/2022.1/data/ip'.
set_property board_part xilinx.com:ac701:part0:1.4 [current_project]
can't use floating-point value as operand of "<<"
can't use floating-point value as operand of "<<"
can't use floating-point value as operand of "<<"
create_ip -name pcie_7x -vendor xilinx.com -library ip -version 3.3 -module_name pcie_7x_0
generate_target {instantiation_template} [get_files /tools/C/research/pcie/copy-pcie/tb/vivado_sim/pcie_7x_0_ex/project_1/project_1.srcs/sources_1/ip/pcie_7x_0/pcie_7x_0.xci]
INFO: [IP_Flow 19-1686] Generating 'Instantiation Template' target for IP 'pcie_7x_0'...
generate_target all [get_files  /tools/C/research/pcie/copy-pcie/tb/vivado_sim/pcie_7x_0_ex/project_1/project_1.srcs/sources_1/ip/pcie_7x_0/pcie_7x_0.xci]
INFO: [IP_Flow 19-1686] Generating 'Synthesis' target for IP 'pcie_7x_0'...
INFO: [IP_Flow 19-1686] Generating 'Simulation' target for IP 'pcie_7x_0'...
INFO: [IP_Flow 19-1686] Generating 'Change Log' target for IP 'pcie_7x_0'...
catch { config_ip_cache -export [get_ips -all pcie_7x_0] }
export_ip_user_files -of_objects [get_files /tools/C/research/pcie/copy-pcie/tb/vivado_sim/pcie_7x_0_ex/project_1/project_1.srcs/sources_1/ip/pcie_7x_0/pcie_7x_0.xci] -no_script -sync -force -quiet
create_ip_run [get_files -of_objects [get_fileset sources_1] /tools/C/research/pcie/copy-pcie/tb/vivado_sim/pcie_7x_0_ex/project_1/project_1.srcs/sources_1/ip/pcie_7x_0/pcie_7x_0.xci]
launch_runs pcie_7x_0_synth_1 -jobs 8
[Sat Sep 20 17:37:13 2025] Launched pcie_7x_0_synth_1...
Run output will be captured here: /tools/C/research/pcie/copy-pcie/tb/vivado_sim/pcie_7x_0_ex/project_1/project_1.runs/pcie_7x_0_synth_1/runme.log
export_simulation -of_objects [get_files /tools/C/research/pcie/copy-pcie/tb/vivado_sim/pcie_7x_0_ex/project_1/project_1.srcs/sources_1/ip/pcie_7x_0/pcie_7x_0.xci] -directory /tools/C/research/pcie/copy-pcie/tb/vivado_sim/pcie_7x_0_ex/project_1/project_1.ip_user_files/sim_scripts -ip_user_files_dir /tools/C/research/pcie/copy-pcie/tb/vivado_sim/pcie_7x_0_ex/project_1/project_1.ip_user_files -ipstatic_source_dir /tools/C/research/pcie/copy-pcie/tb/vivado_sim/pcie_7x_0_ex/project_1/project_1.ip_user_files/ipstatic -lib_map_path [list {modelsim=/tools/C/research/pcie/copy-pcie/tb/vivado_sim/pcie_7x_0_ex/project_1/project_1.cache/compile_simlib/modelsim} {questa=/tools/C/research/pcie/copy-pcie/tb/vivado_sim/pcie_7x_0_ex/project_1/project_1.cache/compile_simlib/questa} {xcelium=/tools/C/research/pcie/copy-pcie/tb/vivado_sim/pcie_7x_0_ex/project_1/project_1.cache/compile_simlib/xcelium} {vcs=/tools/C/research/pcie/copy-pcie/tb/vivado_sim/pcie_7x_0_ex/project_1/project_1.cache/compile_simlib/vcs} {riviera=/tools/C/research/pcie/copy-pcie/tb/vivado_sim/pcie_7x_0_ex/project_1/project_1.cache/compile_simlib/riviera}] -use_ip_compiled_libs -force -quiet
update_compile_order -fileset sources_1
